<?xml version="1.0" encoding="UTF-8"?>
<testsuite xmlns:xsi="http://www.w3.org/2001/XMLSchema-instance" xsi:noNamespaceSchemaLocation="https://maven.apache.org/surefire/maven-surefire-plugin/xsd/surefire-test-report.xsd" name="TestSuite" time="4.223" tests="6" errors="0" skipped="0" failures="0">
  <properties>
    <property name="sun.desktop" value="windows"/>
    <property name="awt.toolkit" value="sun.awt.windows.WToolkit"/>
    <property name="file.encoding.pkg" value="sun.io"/>
    <property name="java.specification.version" value="1.8"/>
    <property name="sun.cpu.isalist" value="amd64"/>
    <property name="sun.jnu.encoding" value="GBK"/>
    <property name="java.class.path" value="D:\Environment\my-apitest\target\test-classes;D:\Environment\my-apitest\target\classes;C:\Users\85835\.m2\repository\io\rest-assured\rest-assured\4.2.0\rest-assured-4.2.0.jar;C:\Users\85835\.m2\repository\org\codehaus\groovy\groovy\2.5.8\groovy-2.5.8.jar;C:\Users\85835\.m2\repository\org\codehaus\groovy\groovy-xml\2.5.8\groovy-xml-2.5.8.jar;C:\Users\85835\.m2\repository\org\apache\httpcomponents\httpclient\4.5.3\httpclient-4.5.3.jar;C:\Users\85835\.m2\repository\org\apache\httpcomponents\httpcore\4.4.6\httpcore-4.4.6.jar;C:\Users\85835\.m2\repository\commons-logging\commons-logging\1.2\commons-logging-1.2.jar;C:\Users\85835\.m2\repository\commons-codec\commons-codec\1.9\commons-codec-1.9.jar;C:\Users\85835\.m2\repository\org\apache\httpcomponents\httpmime\4.5.3\httpmime-4.5.3.jar;C:\Users\85835\.m2\repository\org\hamcrest\hamcrest\2.1\hamcrest-2.1.jar;C:\Users\85835\.m2\repository\org\ccil\cowan\tagsoup\tagsoup\1.2.1\tagsoup-1.2.1.jar;C:\Users\85835\.m2\repository\io\rest-assured\json-path\4.2.0\json-path-4.2.0.jar;C:\Users\85835\.m2\repository\org\codehaus\groovy\groovy-json\2.5.8\groovy-json-2.5.8.jar;C:\Users\85835\.m2\repository\io\rest-assured\rest-assured-common\4.2.0\rest-assured-common-4.2.0.jar;C:\Users\85835\.m2\repository\io\rest-assured\xml-path\4.2.0\xml-path-4.2.0.jar;C:\Users\85835\.m2\repository\jakarta\xml\bind\jakarta.xml.bind-api\2.3.2\jakarta.xml.bind-api-2.3.2.jar;C:\Users\85835\.m2\repository\jakarta\activation\jakarta.activation-api\1.2.1\jakarta.activation-api-1.2.1.jar;C:\Users\85835\.m2\repository\com\sun\xml\bind\jaxb-osgi\2.3.0.1\jaxb-osgi-2.3.0.1.jar;C:\Users\85835\.m2\repository\org\apache\sling\org.apache.sling.javax.activation\0.1.0\org.apache.sling.javax.activation-0.1.0.jar;C:\Users\85835\.m2\repository\javax\activation\activation\1.1.1\activation-1.1.1.jar;C:\Users\85835\.m2\repository\org\testng\testng\7.0.0\testng-7.0.0.jar;C:\Users\85835\.m2\repository\com\beust\jcommander\1.72\jcommander-1.72.jar;C:\Users\85835\.m2\repository\cn\afterturn\easypoi-annotation\4.2.0\easypoi-annotation-4.2.0.jar;C:\Users\85835\.m2\repository\cn\afterturn\easypoi-base\4.2.0\easypoi-base-4.2.0.jar;C:\Users\85835\.m2\repository\org\apache\poi\poi\4.1.1\poi-4.1.1.jar;C:\Users\85835\.m2\repository\org\apache\commons\commons-collections4\4.4\commons-collections4-4.4.jar;C:\Users\85835\.m2\repository\org\apache\commons\commons-math3\3.6.1\commons-math3-3.6.1.jar;C:\Users\85835\.m2\repository\org\apache\poi\poi-ooxml\4.1.1\poi-ooxml-4.1.1.jar;C:\Users\85835\.m2\repository\org\apache\commons\commons-compress\1.19\commons-compress-1.19.jar;C:\Users\85835\.m2\repository\com\github\virtuald\curvesapi\1.06\curvesapi-1.06.jar;C:\Users\85835\.m2\repository\org\apache\poi\poi-ooxml-schemas\4.1.1\poi-ooxml-schemas-4.1.1.jar;C:\Users\85835\.m2\repository\org\apache\xmlbeans\xmlbeans\3.1.0\xmlbeans-3.1.0.jar;C:\Users\85835\.m2\repository\com\google\guava\guava\16.0.1\guava-16.0.1.jar;C:\Users\85835\.m2\repository\org\apache\commons\commons-lang3\3.2.1\commons-lang3-3.2.1.jar;C:\Users\85835\.m2\repository\ognl\ognl\3.2.6\ognl-3.2.6.jar;C:\Users\85835\.m2\repository\org\javassist\javassist\3.20.0-GA\javassist-3.20.0-GA.jar;C:\Users\85835\.m2\repository\org\slf4j\slf4j-api\1.6.1\slf4j-api-1.6.1.jar;C:\Users\85835\.m2\repository\javax\validation\validation-api\1.1.0.Final\validation-api-1.1.0.Final.jar;C:\Users\85835\.m2\repository\com\alibaba\fastjson\1.2.70\fastjson-1.2.70.jar;C:\Users\85835\.m2\repository\org\projectlombok\lombok\1.18.24\lombok-1.18.24.jar;C:\Users\85835\.m2\repository\mysql\mysql-connector-java\5.1.38\mysql-connector-java-5.1.38.jar;C:\Users\85835\.m2\repository\commons-dbutils\commons-dbutils\1.6\commons-dbutils-1.6.jar;C:\Users\85835\.m2\repository\io\qameta\allure\allure-testng\2.12.1\allure-testng-2.12.1.jar;C:\Users\85835\.m2\repository\io\qameta\allure\allure-java-commons\2.12.1\allure-java-commons-2.12.1.jar;C:\Users\85835\.m2\repository\io\qameta\allure\allure-model\2.12.1\allure-model-2.12.1.jar;C:\Users\85835\.m2\repository\com\fasterxml\jackson\core\jackson-databind\2.9.8\jackson-databind-2.9.8.jar;C:\Users\85835\.m2\repository\com\fasterxml\jackson\core\jackson-annotations\2.9.0\jackson-annotations-2.9.0.jar;C:\Users\85835\.m2\repository\com\fasterxml\jackson\core\jackson-core\2.9.8\jackson-core-2.9.8.jar;C:\Users\85835\.m2\repository\org\apache\tika\tika-core\1.20\tika-core-1.20.jar;C:\Users\85835\.m2\repository\org\jooq\joor-java-8\0.9.10\joor-java-8-0.9.10.jar;"/>
    <property name="java.vm.vendor" value="Oracle Corporation"/>
    <property name="sun.arch.data.model" value="64"/>
    <property name="user.variant" value=""/>
    <property name="java.vendor.url" value="http://java.oracle.com/"/>
    <property name="user.timezone" value="Asia/Shanghai"/>
    <property name="java.vm.specification.version" value="1.8"/>
    <property name="os.name" value="Windows 10"/>
    <property name="user.country" value="CN"/>
    <property name="sun.java.launcher" value="SUN_STANDARD"/>
    <property name="sun.boot.library.path" value="D:\DevTools\Java\jdk1.8.0_201\jre\bin"/>
    <property name="sun.java.command" value="C:\Users\85835\AppData\Local\Temp\surefire8434293465278005778\surefirebooter2524434215975338806.jar C:\Users\85835\AppData\Local\Temp\surefire8434293465278005778 2022-10-21T15-28-34_154-jvmRun1 surefire3796447688156263345tmp surefire_08635621362441340282tmp"/>
    <property name="surefire.test.class.path" value="D:\Environment\my-apitest\target\test-classes;D:\Environment\my-apitest\target\classes;C:\Users\85835\.m2\repository\io\rest-assured\rest-assured\4.2.0\rest-assured-4.2.0.jar;C:\Users\85835\.m2\repository\org\codehaus\groovy\groovy\2.5.8\groovy-2.5.8.jar;C:\Users\85835\.m2\repository\org\codehaus\groovy\groovy-xml\2.5.8\groovy-xml-2.5.8.jar;C:\Users\85835\.m2\repository\org\apache\httpcomponents\httpclient\4.5.3\httpclient-4.5.3.jar;C:\Users\85835\.m2\repository\org\apache\httpcomponents\httpcore\4.4.6\httpcore-4.4.6.jar;C:\Users\85835\.m2\repository\commons-logging\commons-logging\1.2\commons-logging-1.2.jar;C:\Users\85835\.m2\repository\commons-codec\commons-codec\1.9\commons-codec-1.9.jar;C:\Users\85835\.m2\repository\org\apache\httpcomponents\httpmime\4.5.3\httpmime-4.5.3.jar;C:\Users\85835\.m2\repository\org\hamcrest\hamcrest\2.1\hamcrest-2.1.jar;C:\Users\85835\.m2\repository\org\ccil\cowan\tagsoup\tagsoup\1.2.1\tagsoup-1.2.1.jar;C:\Users\85835\.m2\repository\io\rest-assured\json-path\4.2.0\json-path-4.2.0.jar;C:\Users\85835\.m2\repository\org\codehaus\groovy\groovy-json\2.5.8\groovy-json-2.5.8.jar;C:\Users\85835\.m2\repository\io\rest-assured\rest-assured-common\4.2.0\rest-assured-common-4.2.0.jar;C:\Users\85835\.m2\repository\io\rest-assured\xml-path\4.2.0\xml-path-4.2.0.jar;C:\Users\85835\.m2\repository\jakarta\xml\bind\jakarta.xml.bind-api\2.3.2\jakarta.xml.bind-api-2.3.2.jar;C:\Users\85835\.m2\repository\jakarta\activation\jakarta.activation-api\1.2.1\jakarta.activation-api-1.2.1.jar;C:\Users\85835\.m2\repository\com\sun\xml\bind\jaxb-osgi\2.3.0.1\jaxb-osgi-2.3.0.1.jar;C:\Users\85835\.m2\repository\org\apache\sling\org.apache.sling.javax.activation\0.1.0\org.apache.sling.javax.activation-0.1.0.jar;C:\Users\85835\.m2\repository\javax\activation\activation\1.1.1\activation-1.1.1.jar;C:\Users\85835\.m2\repository\org\testng\testng\7.0.0\testng-7.0.0.jar;C:\Users\85835\.m2\repository\com\beust\jcommander\1.72\jcommander-1.72.jar;C:\Users\85835\.m2\repository\cn\afterturn\easypoi-annotation\4.2.0\easypoi-annotation-4.2.0.jar;C:\Users\85835\.m2\repository\cn\afterturn\easypoi-base\4.2.0\easypoi-base-4.2.0.jar;C:\Users\85835\.m2\repository\org\apache\poi\poi\4.1.1\poi-4.1.1.jar;C:\Users\85835\.m2\repository\org\apache\commons\commons-collections4\4.4\commons-collections4-4.4.jar;C:\Users\85835\.m2\repository\org\apache\commons\commons-math3\3.6.1\commons-math3-3.6.1.jar;C:\Users\85835\.m2\repository\org\apache\poi\poi-ooxml\4.1.1\poi-ooxml-4.1.1.jar;C:\Users\85835\.m2\repository\org\apache\commons\commons-compress\1.19\commons-compress-1.19.jar;C:\Users\85835\.m2\repository\com\github\virtuald\curvesapi\1.06\curvesapi-1.06.jar;C:\Users\85835\.m2\repository\org\apache\poi\poi-ooxml-schemas\4.1.1\poi-ooxml-schemas-4.1.1.jar;C:\Users\85835\.m2\repository\org\apache\xmlbeans\xmlbeans\3.1.0\xmlbeans-3.1.0.jar;C:\Users\85835\.m2\repository\com\google\guava\guava\16.0.1\guava-16.0.1.jar;C:\Users\85835\.m2\repository\org\apache\commons\commons-lang3\3.2.1\commons-lang3-3.2.1.jar;C:\Users\85835\.m2\repository\ognl\ognl\3.2.6\ognl-3.2.6.jar;C:\Users\85835\.m2\repository\org\javassist\javassist\3.20.0-GA\javassist-3.20.0-GA.jar;C:\Users\85835\.m2\repository\org\slf4j\slf4j-api\1.6.1\slf4j-api-1.6.1.jar;C:\Users\85835\.m2\repository\javax\validation\validation-api\1.1.0.Final\validation-api-1.1.0.Final.jar;C:\Users\85835\.m2\repository\com\alibaba\fastjson\1.2.70\fastjson-1.2.70.jar;C:\Users\85835\.m2\repository\org\projectlombok\lombok\1.18.24\lombok-1.18.24.jar;C:\Users\85835\.m2\repository\mysql\mysql-connector-java\5.1.38\mysql-connector-java-5.1.38.jar;C:\Users\85835\.m2\repository\commons-dbutils\commons-dbutils\1.6\commons-dbutils-1.6.jar;C:\Users\85835\.m2\repository\io\qameta\allure\allure-testng\2.12.1\allure-testng-2.12.1.jar;C:\Users\85835\.m2\repository\io\qameta\allure\allure-java-commons\2.12.1\allure-java-commons-2.12.1.jar;C:\Users\85835\.m2\repository\io\qameta\allure\allure-model\2.12.1\allure-model-2.12.1.jar;C:\Users\85835\.m2\repository\com\fasterxml\jackson\core\jackson-databind\2.9.8\jackson-databind-2.9.8.jar;C:\Users\85835\.m2\repository\com\fasterxml\jackson\core\jackson-annotations\2.9.0\jackson-annotations-2.9.0.jar;C:\Users\85835\.m2\repository\com\fasterxml\jackson\core\jackson-core\2.9.8\jackson-core-2.9.8.jar;C:\Users\85835\.m2\repository\org\apache\tika\tika-core\1.20\tika-core-1.20.jar;C:\Users\85835\.m2\repository\org\jooq\joor-java-8\0.9.10\joor-java-8-0.9.10.jar;"/>
    <property name="sun.cpu.endian" value="little"/>
    <property name="allure.results.directory" value="D:\Environment\my-apitest\target/allure-results"/>
    <property name="user.home" value="C:\Users\85835"/>
    <property name="user.language" value="zh"/>
    <property name="java.specification.vendor" value="Oracle Corporation"/>
    <property name="java.home" value="D:\DevTools\Java\jdk1.8.0_201\jre"/>
    <property name="basedir" value="D:\Environment\my-apitest"/>
    <property name="file.separator" value="\"/>
    <property name="line.separator" value="&#10;"/>
    <property name="java.vm.specification.vendor" value="Oracle Corporation"/>
    <property name="java.specification.name" value="Java Platform API Specification"/>
    <property name="java.awt.graphicsenv" value="sun.awt.Win32GraphicsEnvironment"/>
    <property name="surefire.real.class.path" value="C:\Users\85835\AppData\Local\Temp\surefire8434293465278005778\surefirebooter2524434215975338806.jar;C:\Users\85835\.m2\repository/org/aspectj/aspectjweaver/1.9.6/aspectjweaver-1.9.6.jar"/>
    <property name="sun.boot.class.path" value="D:\DevTools\Java\jdk1.8.0_201\jre\lib\resources.jar;D:\DevTools\Java\jdk1.8.0_201\jre\lib\rt.jar;D:\DevTools\Java\jdk1.8.0_201\jre\lib\sunrsasign.jar;D:\DevTools\Java\jdk1.8.0_201\jre\lib\jsse.jar;D:\DevTools\Java\jdk1.8.0_201\jre\lib\jce.jar;D:\DevTools\Java\jdk1.8.0_201\jre\lib\charsets.jar;D:\DevTools\Java\jdk1.8.0_201\jre\lib\jfr.jar;D:\DevTools\Java\jdk1.8.0_201\jre\classes"/>
    <property name="user.script" value=""/>
    <property name="sun.management.compiler" value="HotSpot 64-Bit Tiered Compilers"/>
    <property name="java.runtime.version" value="1.8.0_201-b09"/>
    <property name="user.name" value="85835"/>
    <property name="path.separator" value=";"/>
    <property name="os.version" value="10.0"/>
    <property name="java.endorsed.dirs" value="D:\DevTools\Java\jdk1.8.0_201\jre\lib\endorsed"/>
    <property name="java.runtime.name" value="Java(TM) SE Runtime Environment"/>
    <property name="file.encoding" value="UTF-8"/>
    <property name="java.vm.name" value="Java HotSpot(TM) 64-Bit Server VM"/>
    <property name="localRepository" value="C:\Users\85835\.m2\repository"/>
    <property name="java.vendor.url.bug" value="http://bugreport.sun.com/bugreport/"/>
    <property name="java.io.tmpdir" value="C:\Users\85835\AppData\Local\Temp\"/>
    <property name="java.version" value="1.8.0_201"/>
    <property name="user.dir" value="D:\Environment\my-apitest"/>
    <property name="os.arch" value="amd64"/>
    <property name="java.vm.specification.name" value="Java Virtual Machine Specification"/>
    <property name="java.awt.printerjob" value="sun.awt.windows.WPrinterJob"/>
    <property name="sun.os.patch.level" value=""/>
    <property name="java.library.path" value="D:\DevTools\Java\jdk1.8.0_201\jre\bin;C:\windows\Sun\Java\bin;C:\windows\system32;C:\windows;D:\Program Files (x86)\VMware\VMware Workstation\bin\;D:\DevTools\MySQL\mysql-5.7.19\bin;C:\Program Files (x86)\Common Files\Oracle\Java\javapath;C:\windows\system32;C:\windows;C:\windows\System32\Wbem;C:\windows\System32\WindowsPowerShell\v1.0\;C:\windows\System32\OpenSSH\;D:\DevTools\Java\jdk1.8.0_201\bin;D:\DevTools\Java\jdk1.8.0_201\jre\bin;D:\DevTools\apache-jmeter-5.4.3\bin;D:\DevTools\allure-2.8.0\bin;D:\DevTools\Git\bin;D:\DevTools\JetBrains\IntelliJ IDEA 2021.1.2\plugins\maven\lib\maven3\bin;D:\DevTools\Python\Python38\Scripts\;D:\DevTools\Python\Python38\;C:\Users\85835\AppData\Local\Microsoft\WindowsApps;;."/>
    <property name="java.vm.info" value="mixed mode"/>
    <property name="java.vendor" value="Oracle Corporation"/>
    <property name="java.vm.version" value="25.201-b09"/>
    <property name="java.ext.dirs" value="D:\DevTools\Java\jdk1.8.0_201\jre\lib\ext;C:\windows\Sun\Java\lib\ext"/>
    <property name="sun.io.unicode.encoding" value="UnicodeLittle"/>
    <property name="java.class.version" value="52.0"/>
  </properties>
  <testcase name="test01" classname="com.th.testcases.Test01" time="0.068"/>
  <testcase name="test01" classname="com.th.testcases.Test01" time="0.013"/>
  <testcase name="test01" classname="com.th.testcases.Test01" time="0.02"/>
  <testcase name="test01" classname="com.th.testcases.Test02" time="1.877"/>
  <testcase name="test01" classname="com.th.testcases.Test02" time="0.142"/>
  <testcase name="test01" classname="com.th.testcases.Test02" time="0.112"/>
</testsuite>