<?xml version="1.0" encoding="UTF-8"?>
<!-- Generated by org.testng.reporters.JUnitReportReporter -->
<testsuite skipped="0" hostname="tonghuan" name="com.th.testcases.Test01" tests="3" failures="0" timestamp="2022-10-21T15:28:39 CST" time="0.042" errors="0">
  <testcase name="test01" time="0.002" classname="com.th.testcases.Test01"/>
  <testcase name="test01" time="0.002" classname="com.th.testcases.Test01"/>
  <testcase name="test01" time="0.038" classname="com.th.testcases.Test01"/>
</testsuite> <!-- com.th.testcases.Test01 -->
