<?xml version="1.0" encoding="UTF-8"?>
<!-- Generated by org.testng.reporters.JUnitReportReporter -->
<testsuite skipped="0" hostname="tonghuan" name="com.th.testcases.Test02" tests="3" failures="0" timestamp="2022-10-21T15:28:39 CST" time="2.132" errors="0">
  <testcase name="test01" time="1.877" classname="com.th.testcases.Test02"/>
  <testcase name="test01" time="0.143" classname="com.th.testcases.Test02"/>
  <testcase name="test01" time="0.112" classname="com.th.testcases.Test02"/>
</testsuite> <!-- com.th.testcases.Test02 -->
